DEBUG:devices.siglent.sds.Scopes:Trying to resolve host 192.168.0.32
DEBUG:devices.siglent.sds.Scopes:Trying to resolve host 192.168.0.32
DEBUG:devices.siglent.sds.Scopes:Trying to resolve host 192.168.0.32
DEBUG:devices.siglent.sds.Scopes:Trying to resolve host 192.168.0.32
INFO:devices.siglent.sds.Scopes:Trying to resolve host 192.168.0.32
INFO:devices.siglent.sds.Scopes:Trying to resolve host 192.168.0.32
INFO:devices.siglent.sds.Scopes:Trying to resolve host 192.168.0.32
INFO:devices.siglent.sds.Scopes:Trying to resolve host 192.168.0.32
INFO:devices.siglent.sds.Scopes:Trying to resolve host 192.168.0.32
INFO:devices.siglent.sds.Scopes:Trying to resolve host 192.168.0.32
INFO:SiglentGenerator:Trying to resolve host 192.168.0.100
INFO:devices.siglent.sds.Scopes:Trying to resolve host 192.168.0.32
INFO:SiglentGenerator:Trying to resolve host 192.168.0.100
INFO:SiglentGenerator:SiglentGenerator found and generator object created.
INFO:devices.siglent.sds.Scopes:Trying to resolve host 192.168.0.32
INFO:SiglentGenerator:Trying to resolve host 192.168.0.100
INFO:SiglentGenerator:SiglentGenerator found and generator object created.
INFO:devices.siglent.sds.Scopes:Trying to resolve host 192.168.0.32
INFO:SiglentGenerator:Trying to resolve host 192.168.0.100
INFO:SiglentGenerator:SiglentGenerator found and generator object created.
INFO:devices.siglent.sds.Scopes:Trying to resolve host 192.168.0.32
INFO:SiglentGenerator:Trying to resolve host 192.168.0.100
INFO:SiglentGenerator:SiglentGenerator found and generator object created.
INFO:devices.siglent.sds.Scopes:Trying to resolve host 192.168.0.32
INFO:SiglentGenerator:Trying to resolve host 192.168.0.100
INFO:SiglentGenerator:SiglentGenerator found and generator object created.
INFO:devices.siglent.sds.Scopes:Trying to resolve host 192.168.0.32
INFO:SiglentGenerator:Trying to resolve host 192.168.0.100
INFO:SiglentGenerator:SiglentGenerator found and generator object created.
INFO:devices.siglent.sds.Scopes:Trying to resolve host 192.168.0.32
INFO:SiglentGenerator:Trying to resolve host 192.168.0.100
INFO:SiglentGenerator:SiglentGenerator found and generator object created.
INFO:devices.siglent.sds.Scopes:Trying to resolve host 192.168.0.32
INFO:SiglentGenerator:Trying to resolve host 192.168.0.100
INFO:SiglentGenerator:SiglentGenerator found and generator object created.
INFO:devices.siglent.sds.Scopes:Trying to resolve host 192.168.0.32
INFO:SiglentGenerator:Trying to resolve host 192.168.0.100
INFO:SiglentGenerator:SiglentGenerator found and generator object created.
INFO:devices.siglent.sds.Scopes:Trying to resolve host 192.168.0.32
INFO:SiglentGenerator:Trying to resolve host 192.168.0.100
INFO:SiglentGenerator:SiglentGenerator found and generator object created.
INFO:devices.siglent.sds.Scopes:Trying to resolve host 192.168.0.32
INFO:SiglentGenerator:Trying to resolve host 192.168.0.100
INFO:SiglentGenerator:SiglentGenerator found and generator object created.
INFO:devices.siglent.sds.Scopes:Trying to resolve host 192.168.0.32
INFO:SiglentGenerator:Trying to resolve host 192.168.0.100
INFO:SiglentGenerator:SiglentGenerator found and generator object created.
INFO:devices.siglent.sds.Scopes:Trying to resolve host 192.168.0.32
INFO:SiglentGenerator:Trying to resolve host 192.168.0.100
INFO:SiglentGenerator:SiglentGenerator found and generator object created.
INFO:devices.siglent.sds.Scopes:Trying to resolve host 192.168.0.32
INFO:SiglentGenerator:Trying to resolve host 192.168.0.100
INFO:SiglentGenerator:SiglentGenerator found and generator object created.
INFO:devices.siglent.sds.Scopes:Trying to resolve host 192.168.0.32
INFO:SiglentGenerator:Trying to resolve host 192.168.0.100
INFO:SiglentGenerator:SiglentGenerator found and generator object created.
INFO:devices.siglent.sds.Scopes:Trying to resolve host 192.168.0.32
INFO:SiglentGenerator:Trying to resolve host 192.168.0.100
INFO:SiglentGenerator:SiglentGenerator found and generator object created.
INFO:devices.siglent.sds.Scopes:Trying to resolve host 192.168.0.32
INFO:SiglentGenerator:Trying to resolve host 192.168.0.100
INFO:SiglentGenerator:SiglentGenerator found and generator object created.
INFO:devices.siglent.sds.Scopes:Trying to resolve host 192.168.0.32
INFO:SiglentGenerator:Trying to resolve host 192.168.0.100
INFO:SiglentGenerator:SiglentGenerator found and generator object created.
INFO:devices.siglent.sds.Scopes:Trying to resolve host 192.168.0.32
INFO:devices.siglent.sds.Scopes:Trying to resolve host 192.168.0.32
INFO:SiglentGenerator:SiglentGenerator found and generator object created.
INFO:SiglentGenerator:SiglentGenerator found and generator object created.
INFO:SiglentGenerator:SiglentGenerator found and generator object created.
INFO:SiglentGenerator:SiglentGenerator found and generator object created.
INFO:SiglentGenerator:SiglentGenerator found and generator object created.
INFO:devices.siglent.sdm.DigitalMultiMeter:Siglent SDM found
INFO:SiglentGenerator:SiglentGenerator found and generator object created.
INFO:SiglentGenerator:SiglentGenerator found and generator object created.
INFO:SiglentGenerator:SiglentGenerator found and generator object created.
INFO:SiglentGenerator:SiglentGenerator found and generator object created.
INFO:SiglentGenerator:SiglentGenerator found and generator object created.
INFO:SiglentGenerator:SiglentGenerator found and generator object created.
INFO:SiglentGenerator:SiglentGenerator found and generator object created.
INFO:SiglentGenerator:SiglentGenerator found and generator object created.
INFO:SiglentGenerator:SiglentGenerator found and generator object created.
INFO:SiglentGenerator:SiglentGenerator found and generator object created.
INFO:SiglentGenerator:SiglentGenerator found and generator object created.
INFO:SiglentGenerator:SiglentGenerator found and generator object created.
INFO:SiglentGenerator:SiglentGenerator found and generator object created.
INFO:SiglentGenerator:SiglentGenerator found and generator object created.
INFO:SiglentGenerator:SiglentGenerator found and generator object created.
INFO:SiglentGenerator:SiglentGenerator found and generator object created.
INFO:SiglentGenerator:SiglentGenerator found and generator object created.
INFO:SiglentGenerator:SiglentGenerator found and generator object created.
INFO:SiglentGenerator:SiglentGenerator found and generator object created.
INFO:SiglentGenerator:SiglentGenerator found and generator object created.
INFO:SiglentGenerator:SiglentGenerator found and generator object created.
INFO:SiglentGenerator:SiglentGenerator found and generator object created.
INFO:SiglentGenerator:SiglentGenerator found and generator object created.
INFO:SiglentGenerator:SiglentGenerator found and generator object created.
INFO:SiglentGenerator:SiglentGenerator found and generator object created.
INFO:SiglentGenerator:SiglentGenerator found and generator object created.
INFO:SiglentGenerator:SiglentGenerator found and generator object created.
INFO:SiglentGenerator:SiglentGenerator found and generator object created.
INFO:SiglentGenerator:SiglentGenerator found and generator object created.
INFO:SiglentGenerator:SiglentGenerator found and generator object created.
INFO:SiglentGenerator:SiglentGenerator found and generator object created.
INFO:SiglentGenerator:SiglentGenerator found and generator object created.
INFO:SiglentGenerator:SiglentGenerator found and generator object created.
INFO:matplotlib.category:Using categorical units to plot a list of strings that are all parsable as floats or dates. If these strings should be plotted as numbers, cast to the appropriate data type before plotting.
INFO:matplotlib.category:Using categorical units to plot a list of strings that are all parsable as floats or dates. If these strings should be plotted as numbers, cast to the appropriate data type before plotting.
INFO:matplotlib.category:Using categorical units to plot a list of strings that are all parsable as floats or dates. If these strings should be plotted as numbers, cast to the appropriate data type before plotting.
INFO:matplotlib.category:Using categorical units to plot a list of strings that are all parsable as floats or dates. If these strings should be plotted as numbers, cast to the appropriate data type before plotting.
INFO:matplotlib.category:Using categorical units to plot a list of strings that are all parsable as floats or dates. If these strings should be plotted as numbers, cast to the appropriate data type before plotting.
INFO:matplotlib.category:Using categorical units to plot a list of strings that are all parsable as floats or dates. If these strings should be plotted as numbers, cast to the appropriate data type before plotting.
INFO:matplotlib.category:Using categorical units to plot a list of strings that are all parsable as floats or dates. If these strings should be plotted as numbers, cast to the appropriate data type before plotting.
INFO:matplotlib.category:Using categorical units to plot a list of strings that are all parsable as floats or dates. If these strings should be plotted as numbers, cast to the appropriate data type before plotting.
INFO:matplotlib.category:Using categorical units to plot a list of strings that are all parsable as floats or dates. If these strings should be plotted as numbers, cast to the appropriate data type before plotting.
INFO:matplotlib.category:Using categorical units to plot a list of strings that are all parsable as floats or dates. If these strings should be plotted as numbers, cast to the appropriate data type before plotting.
INFO:matplotlib.category:Using categorical units to plot a list of strings that are all parsable as floats or dates. If these strings should be plotted as numbers, cast to the appropriate data type before plotting.
INFO:matplotlib.category:Using categorical units to plot a list of strings that are all parsable as floats or dates. If these strings should be plotted as numbers, cast to the appropriate data type before plotting.
INFO:matplotlib.category:Using categorical units to plot a list of strings that are all parsable as floats or dates. If these strings should be plotted as numbers, cast to the appropriate data type before plotting.
INFO:matplotlib.category:Using categorical units to plot a list of strings that are all parsable as floats or dates. If these strings should be plotted as numbers, cast to the appropriate data type before plotting.
INFO:matplotlib.category:Using categorical units to plot a list of strings that are all parsable as floats or dates. If these strings should be plotted as numbers, cast to the appropriate data type before plotting.
INFO:matplotlib.category:Using categorical units to plot a list of strings that are all parsable as floats or dates. If these strings should be plotted as numbers, cast to the appropriate data type before plotting.
INFO:matplotlib.category:Using categorical units to plot a list of strings that are all parsable as floats or dates. If these strings should be plotted as numbers, cast to the appropriate data type before plotting.
INFO:matplotlib.category:Using categorical units to plot a list of strings that are all parsable as floats or dates. If these strings should be plotted as numbers, cast to the appropriate data type before plotting.
INFO:matplotlib.category:Using categorical units to plot a list of strings that are all parsable as floats or dates. If these strings should be plotted as numbers, cast to the appropriate data type before plotting.
INFO:matplotlib.category:Using categorical units to plot a list of strings that are all parsable as floats or dates. If these strings should be plotted as numbers, cast to the appropriate data type before plotting.
INFO:matplotlib.category:Using categorical units to plot a list of strings that are all parsable as floats or dates. If these strings should be plotted as numbers, cast to the appropriate data type before plotting.
INFO:matplotlib.category:Using categorical units to plot a list of strings that are all parsable as floats or dates. If these strings should be plotted as numbers, cast to the appropriate data type before plotting.
INFO:matplotlib.category:Using categorical units to plot a list of strings that are all parsable as floats or dates. If these strings should be plotted as numbers, cast to the appropriate data type before plotting.
INFO:matplotlib.category:Using categorical units to plot a list of strings that are all parsable as floats or dates. If these strings should be plotted as numbers, cast to the appropriate data type before plotting.
INFO:matplotlib.category:Using categorical units to plot a list of strings that are all parsable as floats or dates. If these strings should be plotted as numbers, cast to the appropriate data type before plotting.
INFO:matplotlib.category:Using categorical units to plot a list of strings that are all parsable as floats or dates. If these strings should be plotted as numbers, cast to the appropriate data type before plotting.
INFO:matplotlib.category:Using categorical units to plot a list of strings that are all parsable as floats or dates. If these strings should be plotted as numbers, cast to the appropriate data type before plotting.
INFO:matplotlib.category:Using categorical units to plot a list of strings that are all parsable as floats or dates. If these strings should be plotted as numbers, cast to the appropriate data type before plotting.
INFO:matplotlib.category:Using categorical units to plot a list of strings that are all parsable as floats or dates. If these strings should be plotted as numbers, cast to the appropriate data type before plotting.
INFO:matplotlib.category:Using categorical units to plot a list of strings that are all parsable as floats or dates. If these strings should be plotted as numbers, cast to the appropriate data type before plotting.
INFO:matplotlib.category:Using categorical units to plot a list of strings that are all parsable as floats or dates. If these strings should be plotted as numbers, cast to the appropriate data type before plotting.
INFO:matplotlib.category:Using categorical units to plot a list of strings that are all parsable as floats or dates. If these strings should be plotted as numbers, cast to the appropriate data type before plotting.
INFO:matplotlib.category:Using categorical units to plot a list of strings that are all parsable as floats or dates. If these strings should be plotted as numbers, cast to the appropriate data type before plotting.
INFO:matplotlib.category:Using categorical units to plot a list of strings that are all parsable as floats or dates. If these strings should be plotted as numbers, cast to the appropriate data type before plotting.
INFO:matplotlib.category:Using categorical units to plot a list of strings that are all parsable as floats or dates. If these strings should be plotted as numbers, cast to the appropriate data type before plotting.
INFO:matplotlib.category:Using categorical units to plot a list of strings that are all parsable as floats or dates. If these strings should be plotted as numbers, cast to the appropriate data type before plotting.
INFO:devices.siglent.sdm.DigitalMultiMeter:Siglent SDM found
INFO:devices.siglent.sdm.DigitalMultiMeter:Siglent SDM found
INFO:devices.siglent.sdm.DigitalMultiMeter:Siglent SDM found
INFO:devices.siglent.sdm.DigitalMultiMeter:Siglent SDM found
INFO:devices.siglent.sdm.DigitalMultiMeter:Siglent SDM found
INFO:matplotlib.category:Using categorical units to plot a list of strings that are all parsable as floats or dates. If these strings should be plotted as numbers, cast to the appropriate data type before plotting.
INFO:matplotlib.category:Using categorical units to plot a list of strings that are all parsable as floats or dates. If these strings should be plotted as numbers, cast to the appropriate data type before plotting.
INFO:devices.siglent.sdm.DigitalMultiMeter:Siglent SDM found
INFO:matplotlib.category:Using categorical units to plot a list of strings that are all parsable as floats or dates. If these strings should be plotted as numbers, cast to the appropriate data type before plotting.
INFO:matplotlib.category:Using categorical units to plot a list of strings that are all parsable as floats or dates. If these strings should be plotted as numbers, cast to the appropriate data type before plotting.
INFO:devices.siglent.sdm.DigitalMultiMeter:Siglent SDM found
INFO:devices.siglent.sdm.DigitalMultiMeter:Siglent SDM found
INFO:devices.siglent.sdm.DigitalMultiMeter:Siglent SDM found
INFO:matplotlib.category:Using categorical units to plot a list of strings that are all parsable as floats or dates. If these strings should be plotted as numbers, cast to the appropriate data type before plotting.
INFO:matplotlib.category:Using categorical units to plot a list of strings that are all parsable as floats or dates. If these strings should be plotted as numbers, cast to the appropriate data type before plotting.
INFO:devices.siglent.sdm.DigitalMultiMeter:Siglent SDM found
INFO:devices.siglent.sdm.DigitalMultiMeter:Siglent SDM found
INFO:devices.siglent.sdm.DigitalMultiMeter:Siglent SDM found
INFO:devices.siglent.sdm.DigitalMultiMeter:Siglent SDM found
INFO:matplotlib.category:Using categorical units to plot a list of strings that are all parsable as floats or dates. If these strings should be plotted as numbers, cast to the appropriate data type before plotting.
INFO:matplotlib.category:Using categorical units to plot a list of strings that are all parsable as floats or dates. If these strings should be plotted as numbers, cast to the appropriate data type before plotting.
INFO:devices.siglent.sdm.DigitalMultiMeter:Siglent SDM found
INFO:devices.siglent.sdm.DigitalMultiMeter:Siglent SDM found
INFO:devices.siglent.sdm.DigitalMultiMeter:Siglent SDM found
INFO:devices.siglent.sdm.DigitalMultiMeter:Siglent SDM found
INFO:devices.siglent.sdm.DigitalMultiMeter:Siglent SDM found
INFO:devices.siglent.sdm.DigitalMultiMeter:Siglent SDM found
INFO:devices.siglent.sdm.DigitalMultiMeter:Siglent SDM found
INFO:devices.siglent.sdm.DigitalMultiMeter:Siglent SDM found
INFO:devices.siglent.sdm.DigitalMultiMeter:Siglent SDM found
INFO:devices.siglent.sdm.DigitalMultiMeter:Siglent SDM found
INFO:devices.siglent.sdm.DigitalMultiMeter:Siglent SDM found
INFO:devices.siglent.sdm.DigitalMultiMeter:Siglent SDM found
INFO:devices.siglent.sdm.DigitalMultiMeter:Siglent SDM found
INFO:devices.siglent.sdm.DigitalMultiMeter:Siglent SDM found
INFO:devices.siglent.sdm.DigitalMultiMeter:Siglent SDM found
INFO:devices.siglent.sdm.DigitalMultiMeter:Siglent SDM found
INFO:devices.siglent.sdm.DigitalMultiMeter:Siglent SDM found
INFO:devices.siglent.sdm.DigitalMultiMeter:Siglent SDM found
INFO:devices.siglent.sdm.DigitalMultiMeter:Siglent SDM found
INFO:devices.siglent.sdm.DigitalMultiMeter:Siglent SDM found
INFO:devices.siglent.sdm.DigitalMultiMeter:Siglent SDM found
INFO:devices.siglent.sdm.DigitalMultiMeter:Siglent SDM found
INFO:devices.siglent.sdm.DigitalMultiMeter:Siglent SDM found
INFO:devices.siglent.sdm.DigitalMultiMeter:Siglent SDM found
INFO:devices.siglent.sdm.DigitalMultiMeter:Siglent SDM found
INFO:devices.siglent.sdm.DigitalMultiMeter:Siglent SDM found
INFO:devices.siglent.sdm.DigitalMultiMeter:Siglent SDM found
INFO:SiglentGenerator:SiglentGenerator found and generator object created.
INFO:SiglentGenerator:SiglentGenerator found and generator object created.
INFO:SiglentGenerator:SiglentGenerator found and generator object created.
INFO:SiglentGenerator:SiglentGenerator found and generator object created.
INFO:SiglentGenerator:SiglentGenerator found and generator object created.
INFO:SiglentGenerator:SiglentGenerator found and generator object created.
INFO:SiglentGenerator:SiglentGenerator found and generator object created.
INFO:devices.siglent.sdm.DigitalMultiMeter:Siglent SDM found
INFO:devices.siglent.sdm.DigitalMultiMeter:Siglent SDM found
INFO:devices.siglent.sdm.DigitalMultiMeter:Siglent SDM found
INFO:devices.siglent.sdm.DigitalMultiMeter:Siglent SDM found
INFO:devices.siglent.sdm.DigitalMultiMeter:Siglent SDM found
INFO:devices.siglent.sdm.DigitalMultiMeter:Siglent SDM found
INFO:devices.siglent.sdm.DigitalMultiMeter:Siglent SDM found
INFO:devices.siglent.sdm.DigitalMultiMeter:Siglent SDM found
INFO:devices.siglent.sdm.DigitalMultiMeter:Siglent SDM found
INFO:devices.siglent.sdm.DigitalMultiMeter:Siglent SDM found
INFO:devices.siglent.sdm.DigitalMultiMeter:Siglent SDM found
INFO:devices.siglent.sdm.DigitalMultiMeter:Siglent SDM found
INFO:devices.siglent.sdm.DigitalMultiMeter:Siglent SDM found
INFO:devices.siglent.sdm.DigitalMultiMeter:Siglent SDM found
INFO:devices.siglent.sdm.DigitalMultiMeter:Siglent SDM found
INFO:devices.siglent.sdm.DigitalMultiMeter:Siglent SDM found
INFO:devices.siglent.sdm.DigitalMultiMeter:Siglent SDM found
INFO:devices.siglent.sdm.DigitalMultiMeter:Siglent SDM found
INFO:devices.siglent.sdm.DigitalMultiMeter:Siglent SDM found
INFO:devices.siglent.sdm.DigitalMultiMeter:Siglent SDM found
INFO:devices.siglent.sdm.DigitalMultiMeter:Siglent SDM found
INFO:devices.siglent.sdm.DigitalMultiMeter:Siglent SDM found
INFO:devices.siglent.sdm.DigitalMultiMeter:Siglent SDM found
INFO:devices.siglent.sdm.DigitalMultiMeter:Siglent SDM found
INFO:devices.siglent.sdm.DigitalMultiMeter:Siglent SDM found
INFO:devices.siglent.sdm.DigitalMultiMeter:Siglent SDM found
INFO:devices.siglent.sdm.DigitalMultiMeter:Siglent SDM found
INFO:devices.siglent.sdm.DigitalMultiMeter:Siglent SDM found
INFO:devices.siglent.sdm.DigitalMultiMeter:Siglent SDM found
INFO:devices.siglent.sdm.DigitalMultiMeter:Siglent SDM found
INFO:devices.siglent.sdm.DigitalMultiMeter:Siglent SDM found
INFO:devices.siglent.sdm.DigitalMultiMeter:Siglent SDM found
INFO:devices.siglent.sdm.DigitalMultiMeter:Siglent SDM found
INFO:devices.siglent.sdm.DigitalMultiMeter:Siglent SDM found
INFO:devices.siglent.sdm.DigitalMultiMeter:Siglent SDM found
INFO:devices.siglent.sdm.DigitalMultiMeter:Siglent SDM found
INFO:devices.siglent.sdm.DigitalMultiMeter:Siglent SDM found
INFO:devices.siglent.sdm.DigitalMultiMeter:Siglent SDM found
INFO:devices.siglent.sdm.DigitalMultiMeter:Siglent SDM found
INFO:devices.siglent.sdm.DigitalMultiMeter:Siglent SDM found
INFO:devices.siglent.sdm.DigitalMultiMeter:Siglent SDM found
INFO:devices.siglent.sdm.DigitalMultiMeter:Siglent SDM found
INFO:devices.siglent.sdm.DigitalMultiMeter:Siglent SDM found
INFO:devices.siglent.sdm.DigitalMultiMeter:Siglent SDM found
INFO:devices.siglent.sdm.DigitalMultiMeter:Siglent SDM found
INFO:devices.siglent.sdm.DigitalMultiMeter:Siglent SDM found
INFO:devices.siglent.sdm.DigitalMultiMeter:Siglent SDM found
INFO:devices.siglent.sdm.DigitalMultiMeter:Siglent SDM found
INFO:devices.siglent.sdm.DigitalMultiMeter:Siglent SDM found
INFO:devices.siglent.sdm.DigitalMultiMeter:Siglent SDM found
