2024-06-28 15:09:17 INFO     TekLogger Started
2024-06-28 15:09:17 INFO     Tektronix scope found on USB
2024-06-28 15:09:17 INFO     Tektronix TDS found, assuming a two Channel TDS2002B
2024-06-28 15:09:17 INFO     TekLogger Started
2024-06-28 15:09:17 INFO     TekLogger Started
2024-06-28 15:09:20 INFO     start querying scope
2024-06-28 15:09:21 INFO     scope query ended
2024-06-28 15:10:27 INFO     TekLogger Started
2024-06-28 15:10:27 INFO     Tektronix scope found on USB
2024-06-28 15:10:28 INFO     Tektronix TDS found, assuming a two Channel TDS2002B
2024-06-28 15:10:28 INFO     TekLogger Started
2024-06-28 15:10:28 INFO     TekLogger Started
2024-06-28 15:24:12 INFO     TekLogger Started
2024-06-28 15:24:12 INFO     Tektronix scope found on USB
2024-06-28 15:24:12 INFO     Tektronix TDS found, assuming a two Channel TDS2002B
2024-06-28 15:24:12 INFO     TekLogger Started
2024-06-28 15:24:12 INFO     TekLogger Started
2024-06-28 15:24:17 INFO     start querying scope
2024-06-28 15:24:17 INFO     scope query ended
2024-06-28 15:24:52 INFO     TekLogger Started
2024-06-28 15:24:52 INFO     Tektronix scope found on USB
2024-06-28 15:24:52 INFO     Tektronix TDS found, assuming a two Channel TDS2002B
2024-06-28 15:24:52 INFO     TekLogger Started
2024-06-28 15:24:52 INFO     TekLogger Started
2024-06-28 15:27:21 INFO     TekLogger Started
2024-06-28 15:27:22 INFO     Tektronix scope found on USB
2024-06-28 15:27:22 INFO     Tektronix TDS found, assuming a two Channel TDS2002B
2024-06-28 15:27:22 INFO     TekLogger Started
2024-06-28 15:27:22 INFO     TekLogger Started
2024-06-28 15:28:47 INFO     TekLogger Started
2024-06-28 15:28:47 INFO     Tektronix scope found on USB
2024-06-28 15:28:47 INFO     Tektronix TDS found, assuming a two Channel TDS2002B
2024-06-28 15:28:47 INFO     TekLogger Started
2024-06-28 15:28:47 INFO     TekLogger Started
2024-06-28 15:29:26 INFO     TekLogger Started
2024-06-28 15:29:26 INFO     Tektronix scope found on USB
2024-06-28 15:29:26 INFO     Tektronix TDS found, assuming a two Channel TDS2002B
2024-06-28 15:29:26 INFO     TekLogger Started
2024-06-28 15:29:26 INFO     TekLogger Started
2024-06-28 15:33:08 INFO     TekLogger Started
2024-06-28 15:33:08 INFO     Tektronix scope found on USB
2024-06-28 15:33:08 INFO     Tektronix TDS found, assuming a two Channel TDS2002B
2024-06-28 15:33:08 INFO     TekLogger Started
2024-06-28 15:33:08 INFO     TekLogger Started
2024-06-28 15:35:00 INFO     TekLogger Started
2024-06-28 15:35:01 INFO     Tektronix scope found on USB
2024-06-28 15:35:01 INFO     Tektronix TDS found, assuming a two Channel TDS2002B
2024-06-28 15:35:01 INFO     TekLogger Started
2024-06-28 15:35:01 INFO     TekLogger Started
2024-06-28 15:39:04 INFO     TekLogger Started
2024-06-28 15:39:04 INFO     Tektronix scope found on USB
2024-06-28 15:39:04 INFO     Tektronix TDS found, assuming a two Channel TDS2002B
2024-06-28 15:39:04 INFO     TekLogger Started
2024-06-28 15:39:04 INFO     TekLogger Started
2024-06-28 16:00:27 INFO     TekLogger Started
2024-06-28 16:00:28 INFO     Tektronix scope found on USB
2024-06-28 16:00:28 INFO     Tektronix TDS found, assuming a two Channel TDS2002B
2024-06-28 16:00:28 INFO     TekLogger Started
2024-06-28 16:00:28 INFO     TekLogger Started
2024-06-28 16:02:32 INFO     TekLogger Started
2024-06-28 16:02:33 INFO     Tektronix scope found on USB
2024-06-28 16:02:33 INFO     Tektronix TDS found, assuming a two Channel TDS2002B
2024-06-28 16:02:33 INFO     TekLogger Started
2024-06-28 16:02:33 INFO     TekLogger Started
2024-06-28 16:02:41 INFO     invalid VDIV input, ignoring.....
2024-06-28 16:03:04 INFO     start querying scope
2024-06-28 16:03:04 INFO     scope query ended
