INFO:TekScopeLogger:TekLogger Started
INFO:TekScopeLogger:TekLogger Started
INFO:TekScopeLogger:TekLogger Started
INFO:TekScopeLogger:TekLogger Started
INFO:tektronix.scope.TekLogger:TekLogger Started
INFO:tektronix.scope.TekLogger:bericht
INFO:tektronix.scope.TekLogger:TekLogger Started
INFO:tektronix.scope.TekLogger:bericht
INFO:tektronix.scope.TekLogger:TekLogger Started
INFO:tektronix.scope.TekLogger:bericht
INFO:tektronix.scope.TekLogger:TekLogger Started
INFO:tektronix.scope.TekLogger:bericht
INFO:tektronix.scope.TekLogger:TekLogger Started
INFO:tektronix.scope.TekLogger:TekLogger Started
INFO:tektronix.scope.TekLogger:TekLogger Started
INFO:tektronix.scope.TekLogger:Tektronix scope found on USB
INFO:tektronix.scope.TekLogger:TekLogger Started
INFO:tektronix.scope.TekLogger:Tektronix scope found on USB
INFO:tektronix.scope.TekLogger:Tektronix TDS found, assuming a two Channel TDS2002B
INFO:tektronix.scope.TekLogger:TekLogger Started
INFO:tektronix.scope.TekLogger:Tektronix scope found on USB
INFO:tektronix.scope.TekLogger:Tektronix TDS found, assuming a two Channel TDS2002B
INFO:tektronix.scope.TekLogger:TekLogger Started
INFO:tektronix.scope.TekLogger:Tektronix scope found on USB
INFO:tektronix.scope.TekLogger:Tektronix TDS found, assuming a two Channel TDS2002B
INFO:tektronix.scope.TekLogger:TekLogger Started
INFO:tektronix.scope.TekLogger:Tektronix scope found on USB
INFO:tektronix.scope.TekLogger:Tektronix TDS found, assuming a two Channel TDS2002B
INFO:tektronix.scope.TekLogger:TekLogger Started
INFO:tektronix.scope.TekLogger:Tektronix scope found on USB
INFO:tektronix.scope.TekLogger:Tektronix TDS found, assuming a two Channel TDS2002B
INFO:tektronix.scope.TekLogger:TekLogger Started
INFO:tektronix.scope.TekLogger:Tektronix scope found on USB
INFO:tektronix.scope.TekLogger:Tektronix TDS found, assuming a two Channel TDS2002B
INFO:tektronix.scope.TekLogger:TekLogger Started
INFO:tektronix.scope.TekLogger:TekLogger Started
INFO:tektronix.scope.TekLogger:start querying scope
INFO:tektronix.scope.TekLogger:scope query ended
INFO:tektronix.scope.TekLogger:TekLogger Started
INFO:tektronix.scope.TekLogger:Tektronix scope found on USB
INFO:tektronix.scope.TekLogger:Tektronix TDS found, assuming a two Channel TDS2002B
INFO:tektronix.scope.TekLogger:TekLogger Started
INFO:tektronix.scope.TekLogger:TekLogger Started
INFO:tektronix.scope.TekLogger:start querying scope
INFO:tektronix.scope.TekLogger:scope query ended
INFO:tektronix.scope.TekLogger:TekLogger Started
INFO:tektronix.scope.TekLogger:Tektronix scope found on USB
INFO:tektronix.scope.TekLogger:Tektronix TDS found, assuming a two Channel TDS2002B
INFO:tektronix.scope.TekLogger:TekLogger Started
INFO:tektronix.scope.TekLogger:TekLogger Started
INFO:tektronix.scope.TekLogger:start querying scope
INFO:tektronix.scope.TekLogger:scope query ended
INFO:tektronix.scope.TekLogger:TekLogger Started
INFO:tektronix.scope.TekLogger:Tekscope: no Tektronix found on USB.
INFO:tektronix.scope.TekLogger:Tekscope: no Tektronix found on USB.
INFO:tektronix.scope.TekLogger:Tekscope: no Tektronix found on USB.
INFO:tektronix.scope.TekLogger:TekLogger Started
INFO:tektronix.scope.TekLogger:TekLogger Started
INFO:tektronix.scope.TekLogger:Tektronix scope found on USB
INFO:tektronix.scope.TekLogger:Tektronix TDS found, assuming a two Channel TDS2002B
INFO:tektronix.scope.TekLogger:TekLogger Started
INFO:tektronix.scope.TekLogger:TekLogger Started
INFO:tektronix.scope.TekLogger:start querying scope
INFO:tektronix.scope.TekLogger:scope query ended
INFO:tektronix.scope.TekLogger:TekLogger Started
INFO:tektronix.scope.TekLogger:Tekscope: no Tektronix found on USB.
INFO:tektronix.scope.TekLogger:Tekscope: no Tektronix found on USB.
INFO:tektronix.scope.TekLogger:Tekscope: no Tektronix found on USB.
INFO:tektronix.scope.TekLogger:TekLogger Started
INFO:tektronix.scope.TekLogger:Tekscope: no Tektronix found on USB.
INFO:tektronix.scope.TekLogger:Tekscope: no Tektronix found on USB.
INFO:tektronix.scope.TekLogger:Tekscope: no Tektronix found on USB.
INFO:tektronix.scope.TekLogger:TekLogger Started
INFO:tektronix.scope.TekLogger:Tektronix scope found on USB
INFO:tektronix.scope.TekLogger:Tektronix TDS found, assuming a two Channel TDS2002B
INFO:tektronix.scope.TekLogger:TekLogger Started
INFO:tektronix.scope.TekLogger:TekLogger Started
INFO:tektronix.scope.TekLogger:start querying scope
INFO:tektronix.scope.TekLogger:scope query ended
